INFO: 2016/06/08 02:15:00 main.go:24: Log information load correctly.
INFO: 2016/06/08 02:15:00 main.go:27: The system is set up correctly.
INFO: 2016/06/08 02:15:00 main.go:32: Listen and serve at 8080
INFO: 2016/06/08 02:15:11 registercontroller.go:41: CreateUseraccount(): Record attempt [Username:whatever, Email:a@a.com, Password:Pass, FirstName:F, SecondName:, LastName:L, BirthDate:1994-01-21, Gender:male, TermsAndConditions:agree]
INFO: 2016/06/08 02:15:48 registercontroller.go:41: CreateUseraccount(): Record attempt [Username:whatever, Email:a@a.com, Password:Pass, FirstName:F, SecondName:, LastName:L, BirthDate:1994-01-21, Gender:male, TermsAndConditions:agree]
INFO: 2016/06/08 02:16:33 registercontroller.go:41: CreateUseraccount(): Record attempt [Username:, Email:a@a.com, Password:Pass, FirstName:F, SecondName:, LastName:L, BirthDate:1994-01-21, Gender:male, TermsAndConditions:agree]
ERROR: 2016/06/08 02:16:33 registercontroller.go:54: CreateUseraccount(): Validation does not pass.
ERROR: 2016/06/08 02:16:33 registercontroller.go:57: CreateUseraccount(): [Username.Required] Can not be empty
INFO: 2016/06/08 02:18:16 main.go:24: Log information load correctly.
INFO: 2016/06/08 02:18:16 main.go:27: The system is set up correctly.
INFO: 2016/06/08 02:18:16 main.go:32: Listen and serve at 8080
INFO: 2016/06/08 02:25:26 main.go:24: Log information load correctly.
INFO: 2016/06/08 02:25:26 main.go:27: The system is set up correctly.
INFO: 2016/06/08 02:25:26 main.go:32: Listen and serve at 8080
INFO: 2016/06/08 02:25:31 main.go:24: Log information load correctly.
INFO: 2016/06/08 02:25:31 main.go:27: The system is set up correctly.
INFO: 2016/06/08 02:25:31 main.go:32: Listen and serve at 8080
INFO: 2016/06/08 02:26:06 main.go:24: Log information load correctly.
INFO: 2016/06/08 02:26:06 main.go:27: The system is set up correctly.
INFO: 2016/06/08 02:26:06 main.go:32: Listen and serve at 8080
INFO: 2016/06/08 02:28:17 main.go:24: Log information load correctly.
INFO: 2016/06/08 02:28:17 main.go:27: The system is set up correctly.
INFO: 2016/06/08 02:28:17 main.go:32: Listen and serve at 8080
INFO: 2016/06/08 02:28:56 main.go:24: Log information load correctly.
INFO: 2016/06/08 02:28:56 main.go:27: The system is set up correctly.
INFO: 2016/06/08 02:28:56 main.go:32: Listen and serve at 8080
INFO: 2016/06/08 02:31:17 main.go:24: Log information load correctly.
INFO: 2016/06/08 02:31:17 main.go:27: The system is set up correctly.
INFO: 2016/06/08 02:31:17 main.go:32: Listen and serve at 8080
INFO: 2016/06/08 02:31:34 registercontroller.go:44: CreateUseraccount: Record attempt [Username:, Email:a@a.com, Password:Pass, FirstName:F, SecondName:, LastName:L, BirthDate:1994-01-21, Gender:male, TermsAndConditions:agree]
ERROR: 2016/06/08 02:31:34 registercontroller.go:60: CreateUseraccount: [Username.Required] Can not be empty
INFO: 2016/06/08 02:32:47 registercontroller.go:44: CreateUseraccount: Record attempt [Username:, Email:a@a.com, Password:Pass, FirstName:F, SecondName:, LastName:L, BirthDate:1994-01-21, Gender:male, TermsAndConditions:agree]
ERROR: 2016/06/08 02:32:47 registercontroller.go:60: CreateUseraccount: [Username.Required] Can not be empty
INFO: 2016/06/08 02:34:56 main.go:24: Log information load correctly.
INFO: 2016/06/08 02:34:56 main.go:27: The system is set up correctly.
INFO: 2016/06/08 02:34:56 main.go:32: Listen and serve at 8080
INFO: 2016/06/08 02:35:17 registercontroller.go:45: CreateUseraccount: Record attempt [Username:, Email:a@a.com, Password:Pass, FirstName:F, SecondName:, LastName:L, BirthDate:1994-01-21, Gender:male, TermsAndConditions:agree]
ERROR: 2016/06/08 02:35:17 registercontroller.go:62: CreateUseraccount: [Username.Required] Can not be empty
INFO: 2016/06/08 02:36:32 main.go:24: Log information load correctly.
INFO: 2016/06/08 02:36:32 main.go:27: The system is set up correctly.
INFO: 2016/06/08 02:36:32 main.go:32: Listen and serve at 8080
INFO: 2016/06/08 02:53:14 main.go:24: Log information load correctly.
INFO: 2016/06/08 02:53:14 main.go:27: The system is set up correctly.
INFO: 2016/06/08 02:53:14 main.go:32: Listen and serve at 8080
INFO: 2016/06/08 02:56:38 registercontroller.go:44: CreateUseraccount: Record attempt [Username:, Email:, Password:, FirstName:, SecondName:, LastName:, BirthDate:, Gender:, TermsAndConditions:]
ERROR: 2016/06/08 02:56:38 registercontroller.go:61: CreateUseraccount: [Username.Required] Can not be empty
ERROR: 2016/06/08 02:56:38 registercontroller.go:61: CreateUseraccount: [Email.Required] Can not be empty
ERROR: 2016/06/08 02:56:38 registercontroller.go:61: CreateUseraccount: [Email.Email] Must be a valid email address
ERROR: 2016/06/08 02:56:38 registercontroller.go:61: CreateUseraccount: [Password.Required] Can not be empty
ERROR: 2016/06/08 02:56:38 registercontroller.go:61: CreateUseraccount: [ConfirmPassword.Required] Can not be empty
ERROR: 2016/06/08 02:56:38 registercontroller.go:61: CreateUseraccount: [FirstName.Required] Can not be empty
ERROR: 2016/06/08 02:56:38 registercontroller.go:61: CreateUseraccount: [LastName.Required] Can not be empty
ERROR: 2016/06/08 02:56:38 registercontroller.go:61: CreateUseraccount: [BirthDate.Required] Can not be empty
ERROR: 2016/06/08 02:56:38 registercontroller.go:61: CreateUseraccount: [Gender.Required] Can not be empty
ERROR: 2016/06/08 02:56:38 registercontroller.go:61: CreateUseraccount: [TermsAndConditions.Required] Can not be empty
INFO: 2016/06/08 02:57:57 registercontroller.go:44: CreateUseraccount: Record attempt [Username:, Email:, Password:, FirstName:, SecondName:, LastName:, BirthDate:, Gender:, TermsAndConditions:]
ERROR: 2016/06/08 02:57:57 registercontroller.go:61: CreateUseraccount: [Username.Required] Can not be empty
ERROR: 2016/06/08 02:57:57 registercontroller.go:61: CreateUseraccount: [Email.Required] Can not be empty
ERROR: 2016/06/08 02:57:57 registercontroller.go:61: CreateUseraccount: [Email.Email] Must be a valid email address
ERROR: 2016/06/08 02:57:57 registercontroller.go:61: CreateUseraccount: [Password.Required] Can not be empty
ERROR: 2016/06/08 02:57:57 registercontroller.go:61: CreateUseraccount: [ConfirmPassword.Required] Can not be empty
ERROR: 2016/06/08 02:57:57 registercontroller.go:61: CreateUseraccount: [FirstName.Required] Can not be empty
ERROR: 2016/06/08 02:57:57 registercontroller.go:61: CreateUseraccount: [LastName.Required] Can not be empty
ERROR: 2016/06/08 02:57:57 registercontroller.go:61: CreateUseraccount: [BirthDate.Required] Can not be empty
ERROR: 2016/06/08 02:57:57 registercontroller.go:61: CreateUseraccount: [Gender.Required] Can not be empty
ERROR: 2016/06/08 02:57:57 registercontroller.go:61: CreateUseraccount: [TermsAndConditions.Required] Can not be empty
INFO: 2016/06/08 03:04:08 registercontroller.go:44: CreateUseraccount: Record attempt [Username:, Email:alvaro.lobaton@cooreounivalle.edu.co, Password:aaaaaaaa, FirstName:Alvaro, SecondName:Alvaro, LastName:Alvaro, BirthDate:2000-02-08, Gender:male, TermsAndConditions:agree"]
ERROR: 2016/06/08 03:04:08 registercontroller.go:61: CreateUseraccount: [Username.Required] Can not be empty
INFO: 2016/06/08 23:49:17 main.go:24: Log information load correctly.
INFO: 2016/06/08 23:49:17 main.go:27: The system is set up correctly.
INFO: 2016/06/08 23:49:17 main.go:32: Listen and serve at 8080
INFO: 2016/06/08 23:58:07 registercontroller.go:44: CreateUseraccount: Record attempt [Username:alobaton, Email:alvaro.lobaton@cooreounivalle.edu.co, Password:aaaaaaaa, FirstName:Alvaro, SecondName:Alvaro, LastName:Alvaro, BirthDate:2016-06-08, Gender:male, TermsAndConditions:agree]
INFO: 2016/06/08 23:59:06 main.go:24: Log information load correctly.
INFO: 2016/06/08 23:59:06 main.go:27: The system is set up correctly.
INFO: 2016/06/08 23:59:06 main.go:32: Listen and serve at 8080
INFO: 2016/06/08 23:59:34 main.go:24: Log information load correctly.
INFO: 2016/06/08 23:59:34 main.go:27: The system is set up correctly.
INFO: 2016/06/08 23:59:34 main.go:32: Listen and serve at 8080
INFO: 2016/06/09 00:00:18 registercontroller.go:44: CreateUseraccount: Record attempt [Username:alobaton, Email:alvaro.lobaton@cooreounivalle.edu.co, Password:aaaaaaaa, FirstName:Alvaro, SecondName:Alvaro, LastName:Alvaro, BirthDate:2016-06-08, Gender:male, TermsAndConditions:agree]
INFO: 2016/06/09 00:21:36 registercontroller.go:44: CreateUseraccount: Record attempt [Username:alobaton, Email:alvaro.lobaton@cooreounivalle.edu.co, Password:aaaaaaaa, FirstName:Alvaro, SecondName:Alvaro, LastName:Alvaro, BirthDate:2016-06-08, Gender:male, TermsAndConditions:agree]
INFO: 2016/06/09 00:21:40 registercontroller.go:44: CreateUseraccount: Record attempt [Username:alobaton, Email:alvaro.lobaton@cooreounivalle.edu.co, Password:aaaaaaaa, FirstName:Alvaro, SecondName:Alvaro, LastName:Alvaro, BirthDate:2016-06-08, Gender:male, TermsAndConditions:agree]
INFO: 2016/06/09 00:30:55 registercontroller.go:44: CreateUseraccount: Record attempt [Username:alobaton, Email:alvaro.lobaton@cooreounivalle.edu.co, Password:aaaaaaaa, FirstName:Alvaro, SecondName:Alvaro, LastName:Alvaro, BirthDate:2016-06-08, Gender:male, TermsAndConditions:agree]
INFO: 2016/06/09 00:30:57 registercontroller.go:44: CreateUseraccount: Record attempt [Username:alobaton, Email:alvaro.lobaton@cooreounivalle.edu.co, Password:aaaaaaaa, FirstName:Alvaro, SecondName:Alvaro, LastName:Alvaro, BirthDate:2016-06-08, Gender:male, TermsAndConditions:agree]
INFO: 2016/06/09 00:31:40 registercontroller.go:44: CreateUseraccount: Record attempt [Username:alobaton, Email:alvaro.lobaton@cooreounivalle.edu.co, Password:aaaaaaaa, FirstName:Alvaro, SecondName:Alvaro, LastName:Alvaro, BirthDate:2016-06-08, Gender:male, TermsAndConditions:agree]
INFO: 2016/06/09 00:32:01 registercontroller.go:44: CreateUseraccount: Record attempt [Username:alobaton, Email:alvaro.lobaton@cooreounivalle.edu.co, Password:aaaaaaaa, FirstName:Alvaro, SecondName:Alvaro, LastName:Alvaro, BirthDate:2016-06-08, Gender:male, TermsAndConditions:agree]
INFO: 2016/06/09 00:32:29 registercontroller.go:44: CreateUseraccount: Record attempt [Username:alobaton, Email:alvaro.lobaton@cooreounivalle.edu.co, Password:aaaaaaaa, FirstName:Alvaro, SecondName:Alvaro, LastName:Alvaro, BirthDate:2016-06-08, Gender:male, TermsAndConditions:agree]
INFO: 2016/06/09 00:32:36 registercontroller.go:44: CreateUseraccount: Record attempt [Username:alobaton, Email:alvaro.lobaton@cooreounivalle.edu.co, Password:aaaaaaaa, FirstName:Alvaro, SecondName:Alvaro, LastName:Alvaro, BirthDate:2016-06-08, Gender:male, TermsAndConditions:agree]
INFO: 2016/06/09 00:38:03 registercontroller.go:44: CreateUseraccount: Record attempt [Username:alobaton, Email:alvaro.lobaton@cooreounivalle.edu.co, Password:aaaaaaaa, FirstName:Alvaro, SecondName:Alvaro, LastName:Alvaro, BirthDate:2016-06-08, Gender:male, TermsAndConditions:agree]
INFO: 2016/06/09 00:41:52 registercontroller.go:44: CreateUseraccount: Record attempt [Username:alobaton, Email:alvaro.lobaton@cooreounivalle.edu.co, Password:aaaaaaaa, FirstName:Alvaro, SecondName:Alvaro, LastName:Alvaro, BirthDate:2016-06-08, Gender:male, TermsAndConditions:agree]
INFO: 2016/06/09 00:46:15 registercontroller.go:44: CreateUseraccount: Record attempt [Username:alobaton, Email:alvaro.lobaton@cooreounivalle.edu.co, Password:aaaaaaaa, FirstName:Alvaro, SecondName:Alvaro, LastName:Alvaro, BirthDate:2016-06-08, Gender:male, TermsAndConditions:agree]
INFO: 2016/06/09 00:46:23 registercontroller.go:44: CreateUseraccount: Record attempt [Username:alobaton, Email:alvaro.lobaton@cooreounivalle.edu.co, Password:aaaaaaaa, FirstName:Alvaro, SecondName:Alvaro, LastName:Alvaro, BirthDate:2016-06-08, Gender:male, TermsAndConditions:agree]
INFO: 2016/06/09 00:51:54 registercontroller.go:44: CreateUseraccount: Record attempt [Username:alobaton, Email:alvaro.lobaton@cooreounivalle.edu.co, Password:aaaaaaaa, FirstName:Alvaro, SecondName:Alvaro, LastName:Alvaro, BirthDate:2016-06-08, Gender:male, TermsAndConditions:agree]
INFO: 2016/06/09 00:52:34 registercontroller.go:44: CreateUseraccount: Record attempt [Username:alobaton, Email:alvaro.lobaton@cooreounivalle.edu.co, Password:a, FirstName:Alvaro, SecondName:Alvaro, LastName:Alvaro, BirthDate:2016-06-08, Gender:male, TermsAndConditions:agree]
INFO: 2016/06/09 00:57:01 registercontroller.go:44: CreateUseraccount: Record attempt [Username:alobaton, Email:alvaro.lobaton@cooreounivalle.edu.co, Password:a, FirstName:Alvaro, SecondName:Alvaro, LastName:Alvaro, BirthDate:2016-06-08, Gender:male, TermsAndConditions:agree]
INFO: 2016/06/09 01:19:22 registercontroller.go:44: CreateUseraccount: Record attempt [Username:, Email:alvaro.lobaton@cooreounivalle.edu.co, Password:a, FirstName:Alvaro, SecondName:Alvaro, LastName:Alvaro, BirthDate:2016-06-08, Gender:male, TermsAndConditions:agree]
ERROR: 2016/06/09 01:19:22 registercontroller.go:61: CreateUseraccount: [Username.Required] Can not be empty
INFO: 2016/06/09 01:19:51 registercontroller.go:44: CreateUseraccount: Record attempt [Username:alobaton, Email:alvaro.lobaton@cooreounivalle.edu.co, Password:a, FirstName:Alvaro, SecondName:Alvaro, LastName:Alvaro, BirthDate:2016-06-08, Gender:male, TermsAndConditions:agree]
INFO: 2016/06/09 01:20:17 registercontroller.go:44: CreateUseraccount: Record attempt [Username:alobaton, Email:alvaro.lobaton@cooreounivalle.edu.co, Password:a, FirstName:Alvaro, SecondName:Alvaro, LastName:Alvaro, BirthDate:2016-06-08, Gender:male, TermsAndConditions:agree]
INFO: 2016/06/09 01:20:36 registercontroller.go:44: CreateUseraccount: Record attempt [Username:alobaton, Email:alvaro.lobaton@cooreounivalle.edu.co, Password:a, FirstName:Alvaro, SecondName:Alvaro, LastName:Alvaro, BirthDate:2016-06-08, Gender:male, TermsAndConditions:agree]
INFO: 2016/06/09 01:22:37 registercontroller.go:44: CreateUseraccount: Record attempt [Username:alobaton, Email:alvaro.lobaton@cooreounivalle.edu.co, Password:a, FirstName:Alvaro, SecondName:Alvaro, LastName:Alvaro, BirthDate:2000-01-31, Gender:male, TermsAndConditions:agree]
INFO: 2016/06/09 01:27:44 registercontroller.go:44: CreateUseraccount: Record attempt [Username:alobaton, Email:alvaro.lobaton@cooreounivalle.edu.co, Password:a, FirstName:Alvaro, SecondName:Alvaro, LastName:Alvaro, BirthDate:1994-01-21, Gender:male, TermsAndConditions:agree]
INFO: 2016/06/09 01:30:54 registercontroller.go:44: CreateUseraccount: Record attempt [Username:alobaton, Email:alvaro.lobaton@cooreounivalle.edu.co, Password:a, FirstName:Alvaro, SecondName:Alvaro, LastName:Alvaro, BirthDate:2016-06-08, Gender:male, TermsAndConditions:agree]
INFO: 2016/06/09 01:39:03 registercontroller.go:44: CreateUseraccount: Record attempt [Username:alobaton, Email:alvaro.lobaton@cooreounivalle.edu.co, Password:a, FirstName:Alvaro, SecondName:Alvaro, LastName:Alvaro, BirthDate:2016-06-08, Gender:male, TermsAndConditions:agree]
INFO: 2016/06/09 01:39:41 registercontroller.go:44: CreateUseraccount: Record attempt [Username:alobaton, Email:alvaro.lobaton@cooreounivalle.edu.co, Password:a, FirstName:Alvaro, SecondName:Alvaro, LastName:Alvaro, BirthDate:2016-06-08, Gender:male, TermsAndConditions:agree]
INFO: 2016/06/09 01:43:28 registercontroller.go:44: CreateUseraccount: Record attempt [Username:alobaton, Email:alvaro.lobaton@cooreounivalle.edu.co, Password:a, FirstName:Alvaro, SecondName:Alvaro, LastName:Alvaro, BirthDate:2016-06-08, Gender:male, TermsAndConditions:agree]
INFO: 2016/06/09 01:47:37 registercontroller.go:44: CreateUseraccount: Record attempt [Username:alobaton, Email:alvaro.lobaton@cooreounivalle.edu.co, Password:a, FirstName:Alvaro, SecondName:Alvaro, LastName:Alvaro, BirthDate:2016-06-08, Gender:male, TermsAndConditions:agree]
INFO: 2016/06/09 01:48:56 registercontroller.go:44: CreateUseraccount: Record attempt [Username:alobaton, Email:alvaro.lobaton@cooreounivalle.edu.co, Password:a, FirstName:Alvaro, SecondName:Alvaro, LastName:Alvaro, BirthDate:2016-06-08, Gender:male, TermsAndConditions:agree]
INFO: 2016/06/09 01:49:37 registercontroller.go:44: CreateUseraccount: Record attempt [Username:alobaton, Email:alvaro.lobaton@cooreounivalle.edu.co, Password:a, FirstName:Alvaro, SecondName:Alvaro, LastName:Alvaro, BirthDate:2000-02-01, Gender:female, TermsAndConditions:agree]
INFO: 2016/06/09 01:50:58 registercontroller.go:44: CreateUseraccount: Record attempt [Username:alobaton, Email:alvaro.lobaton@cooreounivalle.edu.co, Password:a, FirstName:Alvaro, SecondName:Alvaro, LastName:Alvaro, BirthDate:2000-02-01, Gender:male, TermsAndConditions:agree]
INFO: 2016/06/09 01:52:12 registercontroller.go:44: CreateUseraccount: Record attempt [Username:alobaton, Email:alvaro.lobaton@cooreounivalle.edu.co, Password:a, FirstName:Alvaro, SecondName:Alvaro, LastName:Alvaro, BirthDate:2000-02-02, Gender:male, TermsAndConditions:agree]
INFO: 2016/06/09 01:54:47 registercontroller.go:44: CreateUseraccount: Record attempt [Username:alobaton, Email:alvaro.lobaton@cooreounivalle.edu.co, Password:a, FirstName:Alvaro, SecondName:Alvaro, LastName:Alvaro, BirthDate:2016-06-08, Gender:male, TermsAndConditions:agree]
INFO: 2016/06/09 01:56:32 registercontroller.go:44: CreateUseraccount: Record attempt [Username:alobaton, Email:alvaro.lobaton@cooreounivalle.edu.co, Password:a, FirstName:Alvaro, SecondName:Alvaro, LastName:Alvaro, BirthDate:2016-06-08, Gender:male, TermsAndConditions:agree]
INFO: 2016/06/09 02:03:01 registercontroller.go:44: CreateUseraccount: Record attempt [Username:alobaton, Email:alvaro.lobaton@cooreounivalle.edu.co, Password:a, FirstName:Alvaro, SecondName:Alvaro, LastName:Alvaro, BirthDate:2016-06-08, Gender:male, TermsAndConditions:agree]
INFO: 2016/06/09 02:03:20 main.go:24: Log information load correctly.
INFO: 2016/06/09 02:03:20 main.go:27: The system is set up correctly.
INFO: 2016/06/09 02:03:20 main.go:32: Listen and serve at 8080
INFO: 2016/06/09 02:04:46 registercontroller.go:44: CreateUseraccount: Record attempt [Username:alobaton, Email:alvaro.lobaton@cooreounivalle.edu.co, Password:a, FirstName:Alvaro, SecondName:Alvaro, LastName:Alvaro, BirthDate:2016-06-08, Gender:male, TermsAndConditions:agree]
INFO: 2016/06/09 02:06:12 registercontroller.go:44: CreateUseraccount: Record attempt [Username:alobaton, Email:alvaro.lobaton@cooreounivalle.edu.co, Password:a, FirstName:Alvaro, SecondName:Alvaro, LastName:Alvaro, BirthDate:2016-06-08, Gender:male, TermsAndConditions:agree]
INFO: 2016/06/09 02:17:01 registercontroller.go:44: CreateUseraccount: Record attempt [Username:alobaton, Email:alvaro.lobaton@cooreounivalle.edu.co, Password:a, FirstName:Alvaro, SecondName:Alvaro, LastName:Alvaro, BirthDate:2000-02-22, Gender:male, TermsAndConditions:agree]
INFO: 2016/06/09 02:18:48 registercontroller.go:44: CreateUseraccount: Record attempt [Username:alobaton, Email:alvaro.lobaton@cooreounivalle.edu.co, Password:a, FirstName:Alvaro, SecondName:Alvaro, LastName:Alvaro, BirthDate:2000-02-07, Gender:male, TermsAndConditions:agree]
INFO: 2016/06/09 19:38:05 main.go:24: Log information load correctly.
INFO: 2016/06/09 19:38:05 main.go:27: The system is set up correctly.
INFO: 2016/06/09 19:38:05 main.go:32: Listen and serve at 8080
INFO: 2016/06/09 19:41:32 main.go:24: Log information load correctly.
INFO: 2016/06/09 19:41:32 main.go:27: The system is set up correctly.
INFO: 2016/06/09 19:41:32 main.go:32: Listen and serve at 8080
INFO: 2016/06/09 19:42:29 main.go:24: Log information load correctly.
INFO: 2016/06/09 19:42:29 main.go:27: The system is set up correctly.
INFO: 2016/06/09 19:42:29 main.go:32: Listen and serve at 8080
INFO: 2016/06/09 19:46:35 main.go:24: Log information load correctly.
INFO: 2016/06/09 19:46:35 main.go:27: The system is set up correctly.
INFO: 2016/06/09 19:46:35 main.go:32: Listen and serve at 8080
INFO: 2016/06/09 22:03:48 main.go:24: Log information load correctly.
INFO: 2016/06/09 22:03:48 main.go:27: The system is set up correctly.
INFO: 2016/06/09 22:03:48 main.go:32: Listen and serve at 8080
INFO: 2016/06/09 23:06:00 registercontroller.go:45: CreateUseraccount: Record attempt [Username:alobaton, Email:alvaro.lobaton@cooreounivalle.edu.co, Password:a, FirstName:Alvaro, SecondName:Alvaro, LastName:Alvaro, BirthDate:2016-06-09, Gender:male, TermsAndConditions:agree]
INFO: 2016/06/09 23:06:49 registercontroller.go:45: CreateUseraccount: Record attempt [Username:alobaton, Email:alvaro.lobaton@cooreounivalle.edu.co, Password:a, FirstName:Alvaro, SecondName:Alvaro, LastName:Alvaro, BirthDate:2000-02-01, Gender:male, TermsAndConditions:agree]
INFO: 2016/06/09 23:07:13 registercontroller.go:45: CreateUseraccount: Record attempt [Username:alobaton, Email:alvaro.lobaton@cooreounivalle.edu.co, Password:a, FirstName:Alvaro, SecondName:Alvaro, LastName:Alvaro, BirthDate:2000-02-08, Gender:male, TermsAndConditions:agree]
INFO: 2016/06/09 23:08:25 registercontroller.go:45: CreateUseraccount: Record attempt [Username:alobaton, Email:alvaro.lobaton@cooreounivalle.edu.co, Password:a, FirstName:Alvaro, SecondName:Alvaro, LastName:Alvaro, BirthDate:2000-01-31, Gender:male, TermsAndConditions:agree]
INFO: 2016/06/09 23:28:55 main.go:24: Log information load correctly.
INFO: 2016/06/09 23:28:55 main.go:27: The system is set up correctly.
INFO: 2016/06/09 23:28:55 main.go:32: Listen and serve at 8080
INFO: 2016/06/09 23:31:49 registercontroller.go:45: CreateUseraccount: Record attempt [{Username:alobaton, Email:alvaro.lobaton@cooreounivalle.edu.co, Password:a, FirstName:Alvaro, SecondName:Alvaro, LastName:Alvaro, BirthDate:2016-06-09, Gender:male, TermsAndConditions:agree}]
ERROR: 2016/06/09 23:31:49 registercontroller.go:56: ERR_0010 Root could not be created.pq: duplicate key value violates unique constraint "pk_root"
INFO: 2016/06/09 23:33:54 main.go:24: Log information load correctly.
INFO: 2016/06/09 23:33:54 main.go:27: The system is set up correctly.
INFO: 2016/06/09 23:33:54 main.go:32: Listen and serve at 8080
INFO: 2016/06/09 23:36:07 main.go:24: Log information load correctly.
INFO: 2016/06/09 23:36:07 main.go:27: The system is set up correctly.
INFO: 2016/06/09 23:36:07 main.go:32: Listen and serve at 8080
INFO: 2016/06/09 23:36:49 registercontroller.go:45: CreateUseraccount: Record attempt [{Username:vivaho, Email:alobaton.restrepo@gmail.com, Password:12345, FirstName:Alvaro, SecondName:Alvaro, LastName:Lobaton Restrepo, BirthDate:2000-02-02, Gender:male, TermsAndConditions:agree}]
INFO: 2016/06/09 23:37:55 registercontroller.go:45: CreateUseraccount: Record attempt [{Username:alobaton, Email:alvaro.lobaton@cooreounivalle.edu.co, Password:a, FirstName:Alvaro, SecondName:Alvaro, LastName:Alvaro, BirthDate:2000-02-01, Gender:male, TermsAndConditions:agree}]
ERROR: 2016/06/09 23:37:55 registercontroller.go:56: ERR_0010 Root could not be created.pq: duplicate key value violates unique constraint "pk_root"
INFO: 2016/06/09 23:38:28 registercontroller.go:45: CreateUseraccount: Record attempt [{Username:alobaton, Email:alvaro.lobaton@cooreounivalle.edu.co, Password:a, FirstName:Alvaro, SecondName:Alvaro, LastName:Alvaro, BirthDate:2000-02-01, Gender:male, TermsAndConditions:agree}]
ERROR: 2016/06/09 23:38:28 registercontroller.go:56: ERR_0010 Root could not be created.pq: duplicate key value violates unique constraint "pk_root"
INFO: 2016/06/09 23:41:46 registercontroller.go:45: CreateUseraccount: Record attempt [{Username:alobaton, Email:alvaro.lobaton@cooreounivalle.edu.co, Password:a, FirstName:Alvaro, SecondName:Alvaro, LastName:Alvaro, BirthDate:2000-02-01, Gender:male, TermsAndConditions:agree}]
ERROR: 2016/06/09 23:41:47 registercontroller.go:56: ERR_0010 Root could not be created.pq: duplicate key value violates unique constraint "pk_root"
INFO: 2016/06/09 23:42:06 registercontroller.go:45: CreateUseraccount: Record attempt [{Username:alobaton, Email:alvaro.lobaton@cooreounivalle.edu.co, Password:a, FirstName:Alvaro, SecondName:Alvaro, LastName:Alvaro, BirthDate:2000-02-01, Gender:male, TermsAndConditions:agree}]
ERROR: 2016/06/09 23:42:07 registercontroller.go:56: ERR_0010 Root could not be created.pq: duplicate key value violates unique constraint "pk_root"
INFO: 2016/06/09 23:48:59 registercontroller.go:45: CreateUseraccount: Record attempt [{Username:vicaho, Email:vicaho1@gmail.com, Password:123456789, FirstName:viviana, SecondName:angelica, LastName:castro, BirthDate:1995-09-14, Gender:female, TermsAndConditions:agree}]
INFO: 2016/06/10 01:32:10 main.go:24: Log information load correctly.
INFO: 2016/06/10 01:32:10 main.go:27: The system is set up correctly.
INFO: 2016/06/10 01:32:10 main.go:32: Listen and serve at 8080
INFO: 2016/06/10 01:42:41 main.go:24: Log information load correctly.
INFO: 2016/06/10 01:42:41 main.go:27: The system is set up correctly.
INFO: 2016/06/10 01:42:41 main.go:32: Listen and serve at 8080
INFO: 2016/06/10 01:43:30 main.go:24: Log information load correctly.
INFO: 2016/06/10 01:43:30 main.go:27: The system is set up correctly.
INFO: 2016/06/10 01:43:30 main.go:32: Listen and serve at 8080
INFO: 2016/06/10 01:43:39 main.go:24: Log information load correctly.
INFO: 2016/06/10 01:43:39 main.go:27: The system is set up correctly.
INFO: 2016/06/10 01:43:39 main.go:32: Listen and serve at 8080
INFO: 2016/06/10 01:43:42 main.go:24: Log information load correctly.
INFO: 2016/06/10 01:43:42 main.go:27: The system is set up correctly.
INFO: 2016/06/10 01:43:42 main.go:32: Listen and serve at 8080
INFO: 2016/06/10 01:45:19 main.go:24: Log information load correctly.
INFO: 2016/06/10 01:45:19 main.go:27: The system is set up correctly.
INFO: 2016/06/10 01:45:19 main.go:32: Listen and serve at 8080
INFO: 2016/06/10 01:46:09 main.go:24: Log information load correctly.
INFO: 2016/06/10 01:46:09 main.go:27: The system is set up correctly.
INFO: 2016/06/10 01:46:09 main.go:32: Listen and serve at 8080
INFO: 2016/06/10 01:46:53 main.go:24: Log information load correctly.
INFO: 2016/06/10 01:46:53 main.go:27: The system is set up correctly.
INFO: 2016/06/10 01:46:53 main.go:32: Listen and serve at 8080
INFO: 2016/06/10 01:48:36 main.go:24: Log information load correctly.
INFO: 2016/06/10 01:48:36 main.go:27: The system is set up correctly.
INFO: 2016/06/10 01:48:36 main.go:32: Listen and serve at 8080
INFO: 2016/06/10 01:49:28 main.go:24: Log information load correctly.
INFO: 2016/06/10 01:49:28 main.go:27: The system is set up correctly.
INFO: 2016/06/10 01:49:28 main.go:32: Listen and serve at 8080
INFO: 2016/06/10 12:00:31 main.go:24: Log information load correctly.
INFO: 2016/06/10 12:00:31 main.go:27: The system is set up correctly.
INFO: 2016/06/10 12:00:31 main.go:32: Listen and serve at 8080
INFO: 2016/06/10 12:40:01 main.go:24: Log information load correctly.
INFO: 2016/06/10 12:40:01 main.go:27: The system is set up correctly.
INFO: 2016/06/10 12:40:01 main.go:32: Listen and serve at 8080
ERROR: 2016/06/10 12:40:10 logincontroller.go:31: logincontroller.go: Lo sentimos ha ocurrido un error al iniciar tu sesión. Ayudamos a mejorar y envia un correo informandonos.sql: no rows in result set
ERROR: 2016/06/10 12:40:23 logincontroller.go:31: logincontroller.go: Lo sentimos ha ocurrido un error al iniciar tu sesión. Ayudamos a mejorar y envia un correo informandonos.sql: no rows in result set
INFO: 2016/06/10 12:41:47 main.go:24: Log information load correctly.
INFO: 2016/06/10 12:41:47 main.go:27: The system is set up correctly.
INFO: 2016/06/10 12:41:47 main.go:32: Listen and serve at 8080
INFO: 2016/06/10 12:41:54 main.go:24: Log information load correctly.
INFO: 2016/06/10 12:41:54 main.go:27: The system is set up correctly.
INFO: 2016/06/10 12:41:54 main.go:32: Listen and serve at 8080
INFO: 2016/06/10 12:42:17 main.go:24: Log information load correctly.
INFO: 2016/06/10 12:42:17 main.go:27: The system is set up correctly.
INFO: 2016/06/10 12:42:17 main.go:32: Listen and serve at 8080
INFO: 2016/06/10 12:42:42 main.go:24: Log information load correctly.
INFO: 2016/06/10 12:42:42 main.go:27: The system is set up correctly.
INFO: 2016/06/10 12:42:42 main.go:32: Listen and serve at 8080
INFO: 2016/06/10 12:43:11 main.go:24: Log information load correctly.
INFO: 2016/06/10 12:43:11 main.go:27: The system is set up correctly.
INFO: 2016/06/10 12:43:11 main.go:32: Listen and serve at 8080
ERROR: 2016/06/10 12:43:17 logincontroller.go:32: logincontroller.go: Nombre de usuario incorrecto. Si no posees una cuenta registrate.sql: no rows in result set
ERROR: 2016/06/10 12:43:46 logincontroller.go:32: logincontroller.go: Nombre de usuario incorrecto. Si no posees una cuenta registrate.sql: no rows in result set
ERROR: 2016/06/10 12:44:02 logincontroller.go:32: logincontroller.go: Nombre de usuario incorrecto. Si no posees una cuenta registrate.sql: no rows in result set
ERROR: 2016/06/10 12:44:13 logincontroller.go:32: logincontroller.go: Nombre de usuario incorrecto. Si no posees una cuenta registrate.sql: no rows in result set
ERROR: 2016/06/10 12:46:21 logincontroller.go:32: logincontroller.go: Nombre de usuario incorrecto. Si no posees una cuenta registrate.sql: no rows in result set
INFO: 2016/06/10 12:47:17 main.go:24: Log information load correctly.
INFO: 2016/06/10 12:47:17 main.go:27: The system is set up correctly.
INFO: 2016/06/10 12:47:17 main.go:32: Listen and serve at 8080
ERROR: 2016/06/10 12:47:29 logincontroller.go:34: logincontroller.go: Nombre de usuario incorrecto. Si no posees una cuenta registrate.sql: no rows in result set
ERROR: 2016/06/10 12:49:22 logincontroller.go:34: logincontroller.go: Nombre de usuario incorrecto. Si no posees una cuenta registrate.sql: no rows in result set
ERROR: 2016/06/10 12:49:34 logincontroller.go:34: logincontroller.go: Nombre de usuario incorrecto. Si no posees una cuenta registrate.sql: no rows in result set
ERROR: 2016/06/10 12:50:58 logincontroller.go:34: logincontroller.go: Nombre de usuario incorrecto. Si no posees una cuenta registrate.sql: no rows in result set
ERROR: 2016/06/10 12:51:53 logincontroller.go:34: logincontroller.go: Nombre de usuario incorrecto. Si no posees una cuenta registrate.sql: no rows in result set
ERROR: 2016/06/10 12:52:09 logincontroller.go:34: logincontroller.go: Nombre de usuario incorrecto. Si no posees una cuenta registrate.sql: no rows in result set
INFO: 2016/06/10 12:54:22 main.go:24: Log information load correctly.
INFO: 2016/06/10 12:54:22 main.go:27: The system is set up correctly.
INFO: 2016/06/10 12:54:22 main.go:32: Listen and serve at 8080
INFO: 2016/06/10 12:54:25 main.go:24: Log information load correctly.
INFO: 2016/06/10 12:54:25 main.go:27: The system is set up correctly.
INFO: 2016/06/10 12:54:25 main.go:32: Listen and serve at 8080
ERROR: 2016/06/10 12:54:41 logincontroller.go:34: logincontroller.go: Nombre de usuario incorrecto. Si no posees una cuenta registrate.sql: no rows in result set
ERROR: 2016/06/10 12:57:43 logincontroller.go:34: logincontroller.go: Nombre de usuario incorrecto. Si no posees una cuenta registrate.sql: no rows in result set
ERROR: 2016/06/10 12:59:36 logincontroller.go:34: logincontroller.go: Nombre de usuario incorrecto. Si no posees una cuenta registrate.sql: no rows in result set
ERROR: 2016/06/10 13:01:57 logincontroller.go:43: registercontroller.go: Contraseña incorrecta
ERROR: 2016/06/10 13:02:12 logincontroller.go:43: registercontroller.go: Contraseña incorrecta
INFO: 2016/06/10 13:02:53 main.go:24: Log information load correctly.
INFO: 2016/06/10 13:02:53 main.go:27: The system is set up correctly.
INFO: 2016/06/10 13:02:53 main.go:32: Listen and serve at 8080
INFO: 2016/06/10 13:04:01 registercontroller.go:45: registercontroller.go: Record attempt [{Username:lobaton, Email:alvaro.lobaton@cooreounivalle.edu.co, Password:a, FirstName:Alvaro, SecondName:Alvaro, LastName:Alvaro, BirthDate:2000-02-01, Gender:male, TermsAndConditions:agree}]
ERROR: 2016/06/10 13:04:01 registercontroller.go:50: registercontroller.go: ERR_0010 Root could not be created.sql: no rows in result set
INFO: 2016/06/10 13:07:12 main.go:24: Log information load correctly.
INFO: 2016/06/10 13:07:12 main.go:27: The system is set up correctly.
INFO: 2016/06/10 13:07:12 main.go:32: Listen and serve at 8080
INFO: 2016/06/10 13:07:32 registercontroller.go:45: registercontroller.go: Record attempt [{Username:lobaton, Email:alvaro.lobaton@cooreounivalle.edu.co, Password:a, FirstName:Alvaro, SecondName:Alvaro, LastName:Alvaro, BirthDate:2000-02-07, Gender:male, TermsAndConditions:agree}]
INFO: 2016/06/10 13:08:26 main.go:24: Log information load correctly.
INFO: 2016/06/10 13:08:26 main.go:27: The system is set up correctly.
INFO: 2016/06/10 13:08:26 main.go:32: Listen and serve at 8080
INFO: 2016/06/10 13:08:33 main.go:24: Log information load correctly.
INFO: 2016/06/10 13:08:33 main.go:27: The system is set up correctly.
INFO: 2016/06/10 13:08:33 main.go:32: Listen and serve at 8080
INFO: 2016/06/10 13:08:47 main.go:24: Log information load correctly.
INFO: 2016/06/10 13:08:47 main.go:27: The system is set up correctly.
INFO: 2016/06/10 13:08:47 main.go:32: Listen and serve at 8080
INFO: 2016/06/10 13:09:08 registercontroller.go:45: registercontroller.go: Record attempt [{Username:lobaton, Email:ALOBATON.RESTREPO@gmail.com, Password:a, FirstName:Alvaro, SecondName:Alvaro, LastName:Alvaro, BirthDate:2000-02-08, Gender:male, TermsAndConditions:agree}]
INFO: 2016/06/10 13:13:02 main.go:24: Log information load correctly.
INFO: 2016/06/10 13:13:02 main.go:27: The system is set up correctly.
INFO: 2016/06/10 13:13:02 main.go:32: Listen and serve at 8080
INFO: 2016/06/10 13:15:15 main.go:24: Log information load correctly.
INFO: 2016/06/10 13:15:15 main.go:27: The system is set up correctly.
INFO: 2016/06/10 13:15:15 main.go:32: Listen and serve at 8080
INFO: 2016/06/10 13:16:00 main.go:24: Log information load correctly.
INFO: 2016/06/10 13:16:00 main.go:27: The system is set up correctly.
INFO: 2016/06/10 13:16:00 main.go:32: Listen and serve at 8080
ERROR: 2016/06/10 13:16:07 logincontroller.go:43: registercontroller.go: Contraseña incorrecta
INFO: 2016/06/10 13:16:34 main.go:24: Log information load correctly.
INFO: 2016/06/10 13:16:34 main.go:27: The system is set up correctly.
INFO: 2016/06/10 13:16:34 main.go:32: Listen and serve at 8080
INFO: 2016/06/10 13:17:40 registercontroller.go:43: registercontroller.go: Record attempt [{Username:vivi, Email:ALOBATON.RESTREPO@gmail.com, Password:a, FirstName:Alvaro, SecondName:Alvaro, LastName:Alvaro, BirthDate:2000-02-09, Gender:male, TermsAndConditions:agree}]
INFO: 2016/06/10 13:18:53 main.go:24: Log information load correctly.
INFO: 2016/06/10 13:18:53 main.go:27: The system is set up correctly.
INFO: 2016/06/10 13:18:53 main.go:32: Listen and serve at 8080
INFO: 2016/06/10 14:36:10 main.go:24: Log information load correctly.
INFO: 2016/06/10 14:36:10 main.go:27: The system is set up correctly.
INFO: 2016/06/10 14:36:10 main.go:32: Listen and serve at 8080
INFO: 2016/06/11 15:12:14 main.go:24: Log information load correctly.
INFO: 2016/06/11 15:12:14 main.go:27: The system is set up correctly.
INFO: 2016/06/11 15:12:14 main.go:32: Listen and serve at 8080
INFO: 2016/06/11 15:12:51 registercontroller.go:43: registercontroller.go: Record attempt [{Username:henry, Email:alvaro.lobaton@cooreounivalle.edu.co, Password:a, FirstName:Alvaro, SecondName:Alvaro, LastName:Alvaro, BirthDate:2000-02-01, Gender:male, TermsAndConditions:agree}]
ERROR: 2016/06/11 15:13:10 logincontroller.go:34: logincontroller.go: Nombre de usuario incorrecto. Si no posees una cuenta registrate.sql: no rows in result set
INFO: 2016/06/11 15:46:00 main.go:24: Log information load correctly.
INFO: 2016/06/11 15:46:00 main.go:27: The system is set up correctly.
INFO: 2016/06/11 15:46:00 main.go:32: Listen and serve at 8080
INFO: 2016/06/11 15:47:27 main.go:24: Log information load correctly.
INFO: 2016/06/11 15:47:27 main.go:27: The system is set up correctly.
INFO: 2016/06/11 15:47:27 main.go:32: Listen and serve at 8080
INFO: 2016/06/11 15:48:47 main.go:24: Log information load correctly.
INFO: 2016/06/11 15:48:47 main.go:27: The system is set up correctly.
INFO: 2016/06/11 15:48:47 main.go:32: Listen and serve at 8080
INFO: 2016/06/11 15:49:02 main.go:24: Log information load correctly.
INFO: 2016/06/11 15:49:02 main.go:27: The system is set up correctly.
INFO: 2016/06/11 15:49:02 main.go:32: Listen and serve at 8080
INFO: 2016/06/11 15:59:05 main.go:24: Log information load correctly.
INFO: 2016/06/11 15:59:05 main.go:27: The system is set up correctly.
INFO: 2016/06/11 15:59:05 main.go:32: Listen and serve at 8080
INFO: 2016/06/11 15:59:15 main.go:24: Log information load correctly.
INFO: 2016/06/11 15:59:15 main.go:27: The system is set up correctly.
INFO: 2016/06/11 15:59:15 main.go:32: Listen and serve at 8080
INFO: 2016/06/11 16:49:02 main.go:24: Log information load correctly.
INFO: 2016/06/11 16:49:02 main.go:27: The system is set up correctly.
INFO: 2016/06/11 16:49:02 main.go:32: Listen and serve at 8080
INFO: 2016/06/11 18:21:30 main.go:24: Log information load correctly.
INFO: 2016/06/11 18:21:30 main.go:27: The system is set up correctly.
INFO: 2016/06/11 18:21:30 main.go:32: Listen and serve at 8080
INFO: 2016/06/11 18:38:02 main.go:24: Log information load correctly.
INFO: 2016/06/11 18:38:02 main.go:27: The system is set up correctly.
INFO: 2016/06/11 18:38:02 main.go:32: Listen and serve at 8080
INFO: 2016/06/11 18:39:03 main.go:24: Log information load correctly.
INFO: 2016/06/11 18:39:03 main.go:27: The system is set up correctly.
INFO: 2016/06/11 18:39:03 main.go:32: Listen and serve at 8080
INFO: 2016/06/11 18:41:33 main.go:24: Log information load correctly.
INFO: 2016/06/11 18:41:33 main.go:27: The system is set up correctly.
INFO: 2016/06/11 18:41:33 main.go:32: Listen and serve at 8080
INFO: 2016/06/11 18:42:49 main.go:24: Log information load correctly.
INFO: 2016/06/11 18:42:49 main.go:27: The system is set up correctly.
INFO: 2016/06/11 18:42:49 main.go:32: Listen and serve at 8080
INFO: 2016/06/11 18:57:30 main.go:24: Log information load correctly.
INFO: 2016/06/11 18:57:30 main.go:27: The system is set up correctly.
INFO: 2016/06/11 18:57:30 main.go:32: Listen and serve at 8080
INFO: 2016/06/11 18:58:49 main.go:24: Log information load correctly.
INFO: 2016/06/11 18:58:49 main.go:27: The system is set up correctly.
INFO: 2016/06/11 18:58:49 main.go:32: Listen and serve at 8080
INFO: 2016/06/11 19:01:34 main.go:24: Log information load correctly.
INFO: 2016/06/11 19:01:34 main.go:27: The system is set up correctly.
INFO: 2016/06/11 19:01:34 main.go:32: Listen and serve at 8080
INFO: 2016/06/11 19:04:58 main.go:24: Log information load correctly.
INFO: 2016/06/11 19:04:58 main.go:27: The system is set up correctly.
INFO: 2016/06/11 19:04:58 main.go:32: Listen and serve at 8080
INFO: 2016/06/11 19:06:07 main.go:24: Log information load correctly.
INFO: 2016/06/11 19:06:07 main.go:27: The system is set up correctly.
INFO: 2016/06/11 19:06:07 main.go:32: Listen and serve at 8080
INFO: 2016/06/11 19:08:15 main.go:24: Log information load correctly.
INFO: 2016/06/11 19:08:15 main.go:27: The system is set up correctly.
INFO: 2016/06/11 19:08:15 main.go:32: Listen and serve at 8080
INFO: 2016/06/11 19:08:32 main.go:24: Log information load correctly.
INFO: 2016/06/11 19:08:32 main.go:27: The system is set up correctly.
INFO: 2016/06/11 19:08:32 main.go:32: Listen and serve at 8080
INFO: 2016/06/11 19:09:06 main.go:24: Log information load correctly.
INFO: 2016/06/11 19:09:06 main.go:27: The system is set up correctly.
INFO: 2016/06/11 19:09:06 main.go:32: Listen and serve at 8080
INFO: 2016/06/11 19:09:10 main.go:24: Log information load correctly.
INFO: 2016/06/11 19:09:10 main.go:27: The system is set up correctly.
INFO: 2016/06/11 19:09:10 main.go:32: Listen and serve at 8080
INFO: 2016/06/11 19:10:15 main.go:24: Log information load correctly.
INFO: 2016/06/11 19:10:15 main.go:27: The system is set up correctly.
INFO: 2016/06/11 19:10:15 main.go:32: Listen and serve at 8080
INFO: 2016/06/11 19:12:00 main.go:24: Log information load correctly.
INFO: 2016/06/11 19:12:00 main.go:27: The system is set up correctly.
INFO: 2016/06/11 19:12:00 main.go:32: Listen and serve at 8080
INFO: 2016/06/11 19:12:07 main.go:24: Log information load correctly.
INFO: 2016/06/11 19:12:07 main.go:27: The system is set up correctly.
INFO: 2016/06/11 19:12:07 main.go:32: Listen and serve at 8080
INFO: 2016/06/11 19:12:20 main.go:24: Log information load correctly.
INFO: 2016/06/11 19:12:20 main.go:27: The system is set up correctly.
INFO: 2016/06/11 19:12:20 main.go:32: Listen and serve at 8080
INFO: 2016/06/11 19:12:49 main.go:24: Log information load correctly.
INFO: 2016/06/11 19:12:49 main.go:27: The system is set up correctly.
INFO: 2016/06/11 19:12:49 main.go:32: Listen and serve at 8080
INFO: 2016/06/11 19:12:59 main.go:24: Log information load correctly.
INFO: 2016/06/11 19:12:59 main.go:27: The system is set up correctly.
INFO: 2016/06/11 19:12:59 main.go:32: Listen and serve at 8080
INFO: 2016/06/11 19:21:35 main.go:24: Log information load correctly.
INFO: 2016/06/11 19:21:35 main.go:27: The system is set up correctly.
INFO: 2016/06/11 19:21:35 main.go:32: Listen and serve at 8080
INFO: 2016/06/11 19:22:21 main.go:24: Log information load correctly.
INFO: 2016/06/11 19:22:21 main.go:27: The system is set up correctly.
INFO: 2016/06/11 19:22:21 main.go:32: Listen and serve at 8080
INFO: 2016/06/11 19:22:48 main.go:24: Log information load correctly.
INFO: 2016/06/11 19:22:48 main.go:27: The system is set up correctly.
INFO: 2016/06/11 19:22:48 main.go:32: Listen and serve at 8080
INFO: 2016/06/11 19:23:16 main.go:24: Log information load correctly.
INFO: 2016/06/11 19:23:16 main.go:27: The system is set up correctly.
INFO: 2016/06/11 19:23:16 main.go:32: Listen and serve at 8080
INFO: 2016/06/11 19:23:28 main.go:24: Log information load correctly.
INFO: 2016/06/11 19:23:28 main.go:27: The system is set up correctly.
INFO: 2016/06/11 19:23:28 main.go:32: Listen and serve at 8080
INFO: 2016/06/11 19:23:58 main.go:24: Log information load correctly.
INFO: 2016/06/11 19:23:58 main.go:27: The system is set up correctly.
INFO: 2016/06/11 19:23:58 main.go:32: Listen and serve at 8080
INFO: 2016/06/11 19:25:18 main.go:24: Log information load correctly.
INFO: 2016/06/11 19:25:18 main.go:27: The system is set up correctly.
INFO: 2016/06/11 19:25:18 main.go:32: Listen and serve at 8080
INFO: 2016/06/11 19:33:47 main.go:24: Log information load correctly.
INFO: 2016/06/11 19:33:47 main.go:27: The system is set up correctly.
INFO: 2016/06/11 19:33:47 main.go:32: Listen and serve at 8080
INFO: 2016/06/11 19:34:34 main.go:24: Log information load correctly.
INFO: 2016/06/11 19:34:34 main.go:27: The system is set up correctly.
INFO: 2016/06/11 19:34:34 main.go:32: Listen and serve at 8080
INFO: 2016/06/11 19:34:52 main.go:24: Log information load correctly.
INFO: 2016/06/11 19:34:52 main.go:27: The system is set up correctly.
INFO: 2016/06/11 19:34:52 main.go:32: Listen and serve at 8080
INFO: 2016/06/11 19:35:22 main.go:24: Log information load correctly.
INFO: 2016/06/11 19:35:22 main.go:27: The system is set up correctly.
INFO: 2016/06/11 19:35:22 main.go:32: Listen and serve at 8080
INFO: 2016/06/11 19:35:46 main.go:24: Log information load correctly.
INFO: 2016/06/11 19:35:46 main.go:27: The system is set up correctly.
INFO: 2016/06/11 19:35:46 main.go:32: Listen and serve at 8080
INFO: 2016/06/11 19:36:12 main.go:24: Log information load correctly.
INFO: 2016/06/11 19:36:12 main.go:27: The system is set up correctly.
INFO: 2016/06/11 19:36:12 main.go:32: Listen and serve at 8080
ERROR: 2016/06/11 19:59:06 logincontroller.go:34: logincontroller.go: Nombre de usuario incorrecto. Si no posees una cuenta registrate.sql: no rows in result set
ERROR: 2016/06/11 19:59:28 logincontroller.go:43: registercontroller.go: Contraseña incorrecta
ERROR: 2016/06/11 19:59:37 logincontroller.go:43: registercontroller.go: Contraseña incorrecta
ERROR: 2016/06/11 19:59:44 logincontroller.go:43: registercontroller.go: Contraseña incorrecta
ERROR: 2016/06/11 19:59:50 logincontroller.go:43: registercontroller.go: Contraseña incorrecta
ERROR: 2016/06/11 19:59:58 logincontroller.go:43: registercontroller.go: Contraseña incorrecta
INFO: 2016/06/11 20:01:28 main.go:24: Log information load correctly.
INFO: 2016/06/11 20:01:28 main.go:27: The system is set up correctly.
INFO: 2016/06/11 20:01:28 main.go:32: Listen and serve at 8080
ERROR: 2016/06/11 21:20:42 logincontroller.go:41: registercontroller.go: Contraseña incorrecta
INFO: 2016/06/11 21:46:18 main.go:24: Log information load correctly.
INFO: 2016/06/11 21:46:18 main.go:27: The system is set up correctly.
INFO: 2016/06/11 21:46:18 main.go:32: Listen and serve at 8080
INFO: 2016/06/11 22:04:27 main.go:24: Log information load correctly.
INFO: 2016/06/11 22:04:27 main.go:27: The system is set up correctly.
INFO: 2016/06/11 22:04:27 main.go:32: Listen and serve at 8080
ERROR: 2016/06/11 22:05:20 logincontroller.go:41: registercontroller.go: Contraseña incorrecta
INFO: 2016/06/11 22:06:22 main.go:24: Log information load correctly.
INFO: 2016/06/11 22:06:22 main.go:27: The system is set up correctly.
INFO: 2016/06/11 22:06:22 main.go:32: Listen and serve at 8080
INFO: 2016/06/11 22:07:53 main.go:24: Log information load correctly.
INFO: 2016/06/11 22:07:53 main.go:27: The system is set up correctly.
INFO: 2016/06/11 22:07:53 main.go:32: Listen and serve at 8080
INFO: 2016/06/11 22:14:34 main.go:24: Log information load correctly.
INFO: 2016/06/11 22:14:34 main.go:27: The system is set up correctly.
INFO: 2016/06/11 22:14:34 main.go:32: Listen and serve at 8080
INFO: 2016/06/11 23:17:11 main.go:24: Log information load correctly.
INFO: 2016/06/11 23:17:11 main.go:27: The system is set up correctly.
INFO: 2016/06/11 23:17:11 main.go:32: Listen and serve at 8080
INFO: 2016/06/11 23:17:17 main.go:24: Log information load correctly.
INFO: 2016/06/11 23:17:17 main.go:27: The system is set up correctly.
INFO: 2016/06/11 23:17:17 main.go:32: Listen and serve at 8080
INFO: 2016/06/11 23:17:47 main.go:24: Log information load correctly.
INFO: 2016/06/11 23:17:47 main.go:27: The system is set up correctly.
INFO: 2016/06/11 23:17:47 main.go:32: Listen and serve at 8080
INFO: 2016/06/11 23:20:39 main.go:24: Log information load correctly.
INFO: 2016/06/11 23:20:39 main.go:27: The system is set up correctly.
INFO: 2016/06/11 23:20:39 main.go:32: Listen and serve at 8080
INFO: 2016/06/11 23:20:42 main.go:24: Log information load correctly.
INFO: 2016/06/11 23:20:42 main.go:27: The system is set up correctly.
INFO: 2016/06/11 23:20:42 main.go:32: Listen and serve at 8080
INFO: 2016/06/11 23:28:09 main.go:24: Log information load correctly.
INFO: 2016/06/11 23:28:09 main.go:27: The system is set up correctly.
INFO: 2016/06/11 23:28:09 main.go:32: Listen and serve at 8080
INFO: 2016/06/11 23:29:25 main.go:24: Log information load correctly.
INFO: 2016/06/11 23:29:25 main.go:27: The system is set up correctly.
INFO: 2016/06/11 23:29:25 main.go:32: Listen and serve at 8080
INFO: 2016/06/11 23:51:25 main.go:24: Log information load correctly.
INFO: 2016/06/11 23:51:25 main.go:27: The system is set up correctly.
INFO: 2016/06/11 23:51:25 main.go:32: Listen and serve at 8080
INFO: 2016/06/11 23:58:27 main.go:24: Log information load correctly.
INFO: 2016/06/11 23:58:27 main.go:27: The system is set up correctly.
INFO: 2016/06/11 23:58:27 main.go:32: Listen and serve at 8080
INFO: 2016/06/11 23:59:52 main.go:24: Log information load correctly.
INFO: 2016/06/11 23:59:52 main.go:27: The system is set up correctly.
INFO: 2016/06/11 23:59:52 main.go:32: Listen and serve at 8080
INFO: 2016/06/12 00:03:47 main.go:24: Log information load correctly.
INFO: 2016/06/12 00:03:47 main.go:27: The system is set up correctly.
INFO: 2016/06/12 00:03:47 main.go:32: Listen and serve at 8080
INFO: 2016/06/12 00:08:40 main.go:24: Log information load correctly.
INFO: 2016/06/12 00:08:40 main.go:27: The system is set up correctly.
INFO: 2016/06/12 00:08:40 main.go:32: Listen and serve at 8080
INFO: 2016/06/12 00:09:13 main.go:24: Log information load correctly.
INFO: 2016/06/12 00:09:13 main.go:27: The system is set up correctly.
INFO: 2016/06/12 00:09:13 main.go:32: Listen and serve at 8080
INFO: 2016/06/12 00:09:17 main.go:24: Log information load correctly.
INFO: 2016/06/12 00:09:17 main.go:27: The system is set up correctly.
INFO: 2016/06/12 00:09:17 main.go:32: Listen and serve at 8080
INFO: 2016/06/12 00:10:05 main.go:24: Log information load correctly.
INFO: 2016/06/12 00:10:05 main.go:27: The system is set up correctly.
INFO: 2016/06/12 00:10:05 main.go:32: Listen and serve at 8080
INFO: 2016/06/12 00:11:28 main.go:24: Log information load correctly.
INFO: 2016/06/12 00:11:28 main.go:27: The system is set up correctly.
INFO: 2016/06/12 00:11:28 main.go:32: Listen and serve at 8080
INFO: 2016/06/12 00:12:39 main.go:24: Log information load correctly.
INFO: 2016/06/12 00:12:39 main.go:27: The system is set up correctly.
INFO: 2016/06/12 00:12:39 main.go:32: Listen and serve at 8080
INFO: 2016/06/12 00:13:49 main.go:24: Log information load correctly.
INFO: 2016/06/12 00:13:49 main.go:27: The system is set up correctly.
INFO: 2016/06/12 00:13:49 main.go:32: Listen and serve at 8080
INFO: 2016/06/12 00:14:20 main.go:24: Log information load correctly.
INFO: 2016/06/12 00:14:20 main.go:27: The system is set up correctly.
INFO: 2016/06/12 00:14:20 main.go:32: Listen and serve at 8080
INFO: 2016/06/12 00:15:32 main.go:24: Log information load correctly.
INFO: 2016/06/12 00:15:32 main.go:27: The system is set up correctly.
INFO: 2016/06/12 00:15:32 main.go:32: Listen and serve at 8080
INFO: 2016/06/12 00:18:51 main.go:24: Log information load correctly.
INFO: 2016/06/12 00:18:51 main.go:27: The system is set up correctly.
INFO: 2016/06/12 00:18:51 main.go:32: Listen and serve at 8080
INFO: 2016/06/12 00:24:23 main.go:24: Log information load correctly.
INFO: 2016/06/12 00:24:23 main.go:27: The system is set up correctly.
INFO: 2016/06/12 00:24:23 main.go:32: Listen and serve at 8080
INFO: 2016/06/12 00:29:05 main.go:24: Log information load correctly.
INFO: 2016/06/12 00:29:05 main.go:27: The system is set up correctly.
INFO: 2016/06/12 00:29:05 main.go:32: Listen and serve at 8080
INFO: 2016/06/12 00:38:23 main.go:24: Log information load correctly.
INFO: 2016/06/12 00:38:23 main.go:27: The system is set up correctly.
INFO: 2016/06/12 00:38:23 main.go:32: Listen and serve at 8080
INFO: 2016/06/12 00:42:11 main.go:24: Log information load correctly.
INFO: 2016/06/12 00:42:11 main.go:27: The system is set up correctly.
INFO: 2016/06/12 00:42:11 main.go:32: Listen and serve at 8080
ERROR: 2016/06/12 00:50:39 sessioncontroller.go:41: registercontroller.go: Contraseña incorrecta
INFO: 2016/06/12 00:55:39 main.go:24: Log information load correctly.
INFO: 2016/06/12 00:55:39 main.go:27: The system is set up correctly.
INFO: 2016/06/12 00:55:39 main.go:32: Listen and serve at 8080
ERROR: 2016/06/12 00:58:10 sessioncontroller.go:41: registercontroller.go: Contraseña incorrecta
ERROR: 2016/06/12 00:58:16 sessioncontroller.go:41: registercontroller.go: Contraseña incorrecta
INFO: 2016/06/12 01:13:52 main.go:24: Log information load correctly.
INFO: 2016/06/12 01:13:52 main.go:27: The system is set up correctly.
INFO: 2016/06/12 01:13:52 main.go:32: Listen and serve at 8080
INFO: 2016/06/12 01:13:59 main.go:24: Log information load correctly.
INFO: 2016/06/12 01:13:59 main.go:27: The system is set up correctly.
INFO: 2016/06/12 01:13:59 main.go:32: Listen and serve at 8080
INFO: 2016/06/12 01:18:37 main.go:24: Log information load correctly.
INFO: 2016/06/12 01:18:37 main.go:27: The system is set up correctly.
INFO: 2016/06/12 01:18:37 main.go:32: Listen and serve at 8080
INFO: 2016/06/12 01:24:41 main.go:24: Log information load correctly.
INFO: 2016/06/12 01:24:41 main.go:27: The system is set up correctly.
INFO: 2016/06/12 01:24:41 main.go:32: Listen and serve at 8080
INFO: 2016/06/12 01:25:29 main.go:24: Log information load correctly.
INFO: 2016/06/12 01:25:29 main.go:27: The system is set up correctly.
INFO: 2016/06/12 01:25:29 main.go:32: Listen and serve at 8080
INFO: 2016/06/12 01:28:55 main.go:24: Log information load correctly.
INFO: 2016/06/12 01:28:55 main.go:27: The system is set up correctly.
INFO: 2016/06/12 01:28:55 main.go:32: Listen and serve at 8080
INFO: 2016/06/12 01:36:46 main.go:24: Log information load correctly.
INFO: 2016/06/12 01:36:46 main.go:27: The system is set up correctly.
INFO: 2016/06/12 01:36:46 main.go:32: Listen and serve at 8080
INFO: 2016/06/12 01:37:11 main.go:24: Log information load correctly.
INFO: 2016/06/12 01:37:11 main.go:27: The system is set up correctly.
INFO: 2016/06/12 01:37:11 main.go:32: Listen and serve at 8080
INFO: 2016/06/12 01:40:09 main.go:24: Log information load correctly.
INFO: 2016/06/12 01:40:09 main.go:27: The system is set up correctly.
INFO: 2016/06/12 01:40:09 main.go:32: Listen and serve at 8080
INFO: 2016/06/12 01:40:15 main.go:24: Log information load correctly.
INFO: 2016/06/12 01:40:15 main.go:27: The system is set up correctly.
INFO: 2016/06/12 01:40:15 main.go:32: Listen and serve at 8080
INFO: 2016/06/12 01:42:49 main.go:24: Log information load correctly.
INFO: 2016/06/12 01:42:49 main.go:27: The system is set up correctly.
INFO: 2016/06/12 01:42:49 main.go:32: Listen and serve at 8080
INFO: 2016/06/12 01:50:35 main.go:24: Log information load correctly.
INFO: 2016/06/12 01:50:35 main.go:27: The system is set up correctly.
INFO: 2016/06/12 01:50:35 main.go:32: Listen and serve at 8080
INFO: 2016/06/12 01:50:38 main.go:24: Log information load correctly.
INFO: 2016/06/12 01:50:38 main.go:27: The system is set up correctly.
INFO: 2016/06/12 01:50:38 main.go:32: Listen and serve at 8080
INFO: 2016/06/12 02:12:50 main.go:24: Log information load correctly.
INFO: 2016/06/12 02:12:50 main.go:27: The system is set up correctly.
INFO: 2016/06/12 02:12:50 main.go:32: Listen and serve at 8080
